[GIN-debug] [WARNING] Running in "debug" mode. Switch to "release" mode in production.
 - using env:	export GIN_MODE=release
 - using code:	gin.SetMode(gin.ReleaseMode)

[GIN-debug] GET    /css/*filepath            --> github.com/gin-gonic/gin.(*RouterGroup).createStaticHandler.func1 (1 handlers)
[GIN-debug] HEAD   /css/*filepath            --> github.com/gin-gonic/gin.(*RouterGroup).createStaticHandler.func1 (1 handlers)
[GIN-debug] Loaded HTML Templates (4): 
	- index.html
	- 
	- footer.html
	- header.html

[GIN-debug] GET    /api/videos               --> main.main.func1 (5 handlers)
[GIN-debug] POST   /api/posts                --> main.main.func2 (5 handlers)
[GIN-debug] GET    /view/videos              --> taslimmuhammed/golang-Gin/controller.VideoController.ShowAll-fm (5 handlers)
[GIN-debug] [WARNING] You trusted all proxies, this is NOT safe. We recommend you to set a value.
Please check https://pkg.go.dev/github.com/gin-gonic/gin#readme-don-t-trust-all-proxies for details.
[GIN-debug] Listening and serving HTTP on :8080
::1 - [21 Sep 22 09:23 IST] POST /api/posts 200 8.7455ms 
::1 - [21 Sep 22 09:23 IST] POST /api/posts 200 8.5872ms 
::1 - [21 Sep 22 09:23 IST] GET /view/videos 200 29.7408ms 
::1 - [22 Sep 22 19:50 IST] GET /api/videos 200 18.1456ms 
